[debug] [2024-06-19T16:38:06.690Z] ----------------------------------------------------------------------
[debug] [2024-06-19T16:38:06.693Z] Command:       C:\Program Files\nodejs\node.exe C:\Users\shake\AppData\Roaming\npm\node_modules\firebase-tools\lib\bin\s use --add
[debug] [2024-06-19T16:38:06.693Z] CLI Version:   13.11.2
[debug] [2024-06-19T16:38:06.693Z] Platform:      win32
[debug] [2024-06-19T16:38:06.694Z] Node Version:  v18.19.0
[debug] [2024-06-19T16:38:06.695Z] Time:          Wed Jun 19 2024 19:38:06 GMT+0300 (Israel Daylight Time)
[debug] [2024-06-19T16:38:06.695Z] ----------------------------------------------------------------------
[debug] 
[debug] [2024-06-19T16:38:06.700Z] >>> [apiv2][query] GET https://firebase-public.firebaseio.com/cli.json [none]
[debug] [2024-06-19T16:38:06.851Z] > command requires scopes: ["email","openid","https://www.googleapis.com/auth/cloudplatformprojects.readonly","https://www.googleapis.com/auth/firebase","https://www.googleapis.com/auth/cloud-platform"]
[debug] [2024-06-19T16:38:06.852Z] > authorizing via signed-in user (shaked518@gmail.com)
[debug] [2024-06-19T16:38:06.853Z] > refreshing access token with scopes: []
[debug] [2024-06-19T16:38:06.855Z] >>> [apiv2][query] POST https://www.googleapis.com/oauth2/v3/token [none]
[debug] [2024-06-19T16:38:06.855Z] >>> [apiv2][body] POST https://www.googleapis.com/oauth2/v3/token [omitted]
[debug] [2024-06-19T16:38:07.052Z] <<< [apiv2][status] POST https://www.googleapis.com/oauth2/v3/token 400
[debug] [2024-06-19T16:38:07.053Z] <<< [apiv2][body] POST https://www.googleapis.com/oauth2/v3/token [omitted]
[debug] [2024-06-19T16:38:07.054Z] >>> [apiv2][query] GET https://firebase.googleapis.com/v1beta1/projects pageSize=1000
[debug] [2024-06-19T16:38:07.200Z] <<< [apiv2][status] GET https://firebase-public.firebaseio.com/cli.json 200
[debug] [2024-06-19T16:38:07.200Z] <<< [apiv2][body] GET https://firebase-public.firebaseio.com/cli.json {"cloudBuildErrorAfter":1594252800000,"cloudBuildWarnAfter":1590019200000,"defaultNode10After":1594252800000,"minVersion":"3.0.5","node8DeploysDisabledAfter":1613390400000,"node8RuntimeDisabledAfter":1615809600000,"node8WarnAfter":1600128000000}
[debug] [2024-06-19T16:38:07.215Z] <<< [apiv2][status] GET https://firebase.googleapis.com/v1beta1/projects 401
[debug] [2024-06-19T16:38:07.215Z] <<< [apiv2][body] GET https://firebase.googleapis.com/v1beta1/projects [omitted]
[debug] [2024-06-19T16:38:07.216Z] HTTP Error: 401, Request had invalid authentication credentials. Expected OAuth 2 access token, login cookie or other valid authentication credential. See https://developers.google.com/identity/sign-in/web/devconsole-project.
[debug] [2024-06-19T16:38:07.358Z] FirebaseError: HTTP Error: 401, Request had invalid authentication credentials. Expected OAuth 2 access token, login cookie or other valid authentication credential. See https://developers.google.com/identity/sign-in/web/devconsole-project.
    at responseToError (C:\Users\shake\AppData\Roaming\npm\node_modules\firebase-tools\lib\responseToError.js:49:12)
    at RetryOperation._fn (C:\Users\shake\AppData\Roaming\npm\node_modules\firebase-tools\lib\apiv2.js:305:77)
    at process.processTicksAndRejections (node:internal/process/task_queues:95:5)
[error] 
[error] Error: Failed to list Firebase projects. See firebase-debug.log for more info.
